2026-01-15 18:55:14 | DEBUG    | Logging initialized. Logs saved to: /home/kalebtata/Projects/lock_me_out/outputs/app.log
2026-01-15 18:55:14 | INFO     | Initializing application components...
2026-01-15 18:55:16 | INFO     | Starting Lock Me Out...
2026-01-15 19:01:11 | DEBUG    | Logging initialized. Logs saved to: /home/kalebtata/Projects/lock_me_out/outputs/app.log
2026-01-15 19:01:11 | INFO     | Initializing application components...
2026-01-15 19:01:11 | DEBUG    | Checking hardware connections...
2026-01-15 19:01:11 | INFO     | Starting Lock Me Out...
2026-01-15 19:03:17 | DEBUG    | Logging initialized. Logs saved to: /home/kalebtata/Projects/lock_me_out/outputs/app.log
2026-01-15 19:03:17 | INFO     | Initializing application components...
2026-01-15 19:03:19 | INFO     | Starting Lock Me Out...
2026-01-15 19:11:56 | DEBUG    | Logging initialized. Logs saved to: /home/kalebtata/Projects/lock_me_out/outputs/app.log
2026-01-15 19:12:15 | INFO     | Starting LockOutManager: Delay=1800s, Duration=120s
2026-01-15 19:12:15 | INFO     | Waiting for initial delay...
2026-01-15 19:16:43 | DEBUG    | Logging initialized. Logs saved to: /home/kalebtata/Projects/lock_me_out/outputs/app.log
2026-01-15 19:16:50 | INFO     | Starting LockOutManager: Delay=300s, Duration=60s
2026-01-15 19:16:50 | INFO     | Waiting for initial delay...
2026-01-15 19:18:07 | INFO     | Stopping LockOutManager...
2026-01-15 19:18:08 | INFO     | LockOutManager stopped.
2026-01-15 19:18:29 | DEBUG    | Logging initialized. Logs saved to: /home/kalebtata/Projects/lock_me_out/outputs/app.log
2026-01-15 19:22:29 | DEBUG    | Logging initialized. Logs saved to: /home/kalebtata/Projects/lock_me_out/outputs/app.log
2026-01-15 19:22:40 | INFO     | Starting LockOutManager: Delay=60s, Duration=60s
2026-01-15 19:22:40 | INFO     | Waiting for initial delay...
2026-01-15 19:23:01 | DEBUG    | Logging initialized. Logs saved to: /home/kalebtata/Projects/lock_me_out/outputs/app.log
2026-01-15 19:23:06 | INFO     | Starting LockOutManager: Delay=60s, Duration=60s
2026-01-15 19:23:06 | INFO     | Waiting for initial delay...
2026-01-15 19:24:06 | INFO     | Initial delay complete. Initiating lockout.
2026-01-15 19:24:06 | INFO     | Initial delay complete. Initiating lockout.
2026-01-15 19:24:06 | DEBUG    | Locking screen...
2026-01-15 19:24:09 | DEBUG    | Locking screen...
2026-01-15 19:24:11 | DEBUG    | Locking screen...
2026-01-15 19:24:13 | DEBUG    | Locking screen...
2026-01-15 19:24:15 | DEBUG    | Locking screen...
2026-01-15 19:24:17 | DEBUG    | Locking screen...
2026-01-15 19:24:19 | DEBUG    | Locking screen...
2026-01-15 19:24:21 | DEBUG    | Locking screen...
2026-01-15 19:24:23 | DEBUG    | Locking screen...
2026-01-15 19:24:25 | DEBUG    | Locking screen...
2026-01-15 19:24:27 | DEBUG    | Locking screen...
2026-01-15 19:24:29 | DEBUG    | Locking screen...
2026-01-15 19:24:31 | DEBUG    | Locking screen...
2026-01-15 19:24:34 | DEBUG    | Locking screen...
2026-01-15 19:24:36 | DEBUG    | Locking screen...
2026-01-15 19:24:38 | DEBUG    | Locking screen...
2026-01-15 19:24:40 | DEBUG    | Locking screen...
2026-01-15 19:24:42 | DEBUG    | Locking screen...
2026-01-15 19:24:44 | DEBUG    | Locking screen...
2026-01-15 19:24:46 | DEBUG    | Locking screen...
2026-01-15 19:24:48 | DEBUG    | Locking screen...
2026-01-15 19:24:50 | DEBUG    | Locking screen...
2026-01-15 19:24:52 | DEBUG    | Locking screen...
2026-01-15 19:24:54 | DEBUG    | Locking screen...
2026-01-15 19:24:56 | DEBUG    | Locking screen...
2026-01-15 19:24:59 | DEBUG    | Locking screen...
2026-01-15 19:25:01 | DEBUG    | Locking screen...
2026-01-15 19:25:03 | DEBUG    | Locking screen...
2026-01-15 19:25:05 | DEBUG    | Locking screen...
2026-01-15 19:25:07 | INFO     | Lockout duration finished.
2026-01-15 19:26:27 | DEBUG    | Logging initialized. Logs saved to: /home/kalebtata/Projects/lock_me_out/outputs/app.log
2026-01-15 19:26:31 | INFO     | Starting LockOutManager: Delay=60s, Duration=60s
2026-01-15 19:26:31 | INFO     | Waiting for initial delay...
2026-01-15 19:26:52 | INFO     | Stopping LockOutManager...
2026-01-15 19:26:52 | INFO     | LockOutManager stopped.
2026-01-15 19:29:07 | DEBUG    | Logging initialized. Logs saved to: /home/kalebtata/Projects/lock_me_out/outputs/app.log
2026-01-15 19:29:12 | INFO     | Starting LockOutManager: Delay=60s, Duration=60s
2026-01-15 19:29:12 | INFO     | Waiting for initial delay...
2026-01-15 19:30:12 | INFO     | Initial delay complete. Initiating lockout.
2026-01-15 19:30:12 | INFO     | Initial delay complete. Initiating lockout.
2026-01-15 19:30:12 | DEBUG    | Locking screen...
2026-01-15 19:30:14 | DEBUG    | Locking screen...
2026-01-15 19:30:16 | DEBUG    | Locking screen...
2026-01-15 19:30:18 | DEBUG    | Locking screen...
2026-01-15 19:30:20 | DEBUG    | Locking screen...
2026-01-15 19:30:22 | DEBUG    | Locking screen...
2026-01-15 19:30:24 | DEBUG    | Locking screen...
2026-01-15 19:30:26 | DEBUG    | Locking screen...
2026-01-15 19:30:29 | DEBUG    | Locking screen...
2026-01-15 19:30:31 | DEBUG    | Locking screen...
2026-01-15 19:30:33 | DEBUG    | Locking screen...
2026-01-15 19:30:35 | DEBUG    | Locking screen...
2026-01-15 19:30:37 | DEBUG    | Locking screen...
2026-01-15 19:30:39 | DEBUG    | Locking screen...
2026-01-15 19:30:41 | DEBUG    | Locking screen...
2026-01-15 19:30:43 | DEBUG    | Locking screen...
2026-01-15 19:30:45 | DEBUG    | Locking screen...
2026-01-15 19:30:47 | DEBUG    | Locking screen...
2026-01-15 19:30:49 | DEBUG    | Locking screen...
2026-01-15 19:30:51 | DEBUG    | Locking screen...
2026-01-15 19:30:53 | DEBUG    | Locking screen...
2026-01-15 19:30:56 | DEBUG    | Locking screen...
2026-01-15 19:30:58 | DEBUG    | Locking screen...
2026-01-15 19:31:00 | DEBUG    | Locking screen...
2026-01-15 19:31:02 | DEBUG    | Locking screen...
2026-01-15 19:31:04 | DEBUG    | Locking screen...
2026-01-15 19:31:06 | DEBUG    | Locking screen...
2026-01-15 19:31:08 | DEBUG    | Locking screen...
2026-01-15 19:31:10 | DEBUG    | Locking screen...
2026-01-15 19:31:12 | INFO     | Lockout duration finished.
2026-01-15 19:32:17 | DEBUG    | Logging initialized. Logs saved to: /home/kalebtata/Projects/lock_me_out/outputs/app.log
2026-01-15 19:35:40 | DEBUG    | Logging initialized. Logs saved to: /home/kalebtata/Projects/lock_me_out/outputs/app.log
2026-01-15 19:36:13 | DEBUG    | Logging initialized. Logs saved to: /home/kalebtata/Projects/lock_me_out/outputs/app.log
2026-01-15 19:37:12 | DEBUG    | Logging initialized. Logs saved to: /home/kalebtata/Projects/lock_me_out/outputs/app.log
2026-01-15 19:38:14 | DEBUG    | Logging initialized. Logs saved to: /home/kalebtata/Projects/lock_me_out/outputs/app.log
2026-01-15 19:38:28 | INFO     | Starting LockOutManager: Delay=60s, Duration=60s
2026-01-15 19:38:28 | INFO     | Waiting for initial delay...
2026-01-15 19:38:30 | INFO     | Stopping LockOutManager...
2026-01-15 19:38:31 | INFO     | LockOutManager stopped.
2026-01-15 19:38:47 | DEBUG    | Logging initialized. Logs saved to: /home/kalebtata/Projects/lock_me_out/outputs/app.log
2026-01-15 19:39:02 | INFO     | Starting LockOutManager: Delay=60s, Duration=60s
2026-01-15 19:39:02 | INFO     | Waiting for initial delay...
2026-01-15 19:39:38 | INFO     | Stopping LockOutManager...
2026-01-15 19:39:39 | INFO     | LockOutManager stopped.
2026-01-15 19:40:43 | DEBUG    | Logging initialized. Logs saved to: /home/kalebtata/Projects/lock_me_out/outputs/app.log
2026-01-15 19:42:20 | DEBUG    | Logging initialized. Logs saved to: /home/kalebtata/Projects/lock_me_out/outputs/app.log
2026-01-15 19:42:30 | INFO     | Starting LockOutManager: Delay=60s, Duration=60s
2026-01-15 19:42:30 | INFO     | Waiting for initial delay...
2026-01-15 19:42:33 | INFO     | Stopping LockOutManager...
2026-01-15 19:42:33 | INFO     | LockOutManager stopped.
2026-01-15 19:42:41 | INFO     | Starting LockOutManager: Delay=60s, Duration=60s
2026-01-15 19:42:41 | INFO     | Waiting for initial delay...
2026-01-15 19:42:45 | INFO     | Stopping LockOutManager...
2026-01-15 19:42:45 | INFO     | LockOutManager stopped.
2026-01-15 19:42:51 | INFO     | Starting LockOutManager: Delay=60s, Duration=60s
2026-01-15 19:42:51 | INFO     | Waiting for initial delay...
2026-01-15 19:45:39 | DEBUG    | Logging initialized. Logs saved to: /home/kalebtata/Projects/lock_me_out/outputs/app.log
2026-01-15 19:48:01 | DEBUG    | Logging initialized. Logs saved to: /home/kalebtata/Projects/lock_me_out/outputs/app.log
2026-01-15 19:59:42 | DEBUG    | Logging initialized. Logs saved to: /home/kalebtata/Projects/lock_me_out/outputs/app.log
2026-01-15 20:05:28 | DEBUG    | Logging initialized. Logs saved to: /home/kalebtata/Projects/lock_me_out/outputs/app.log
2026-01-15 20:05:35 | INFO     | Starting LockOutManager: Delay=60s, Duration=60s
2026-01-15 20:05:35 | INFO     | Waiting for initial delay...
2026-01-15 20:05:39 | INFO     | Stopping LockOutManager...
2026-01-15 20:05:39 | INFO     | LockOutManager stopped.
2026-01-15 20:05:52 | DEBUG    | Logging initialized. Logs saved to: /home/kalebtata/Projects/lock_me_out/outputs/app.log
2026-01-15 20:05:52 | INFO     | Initializing application components...
2026-01-15 20:05:54 | INFO     | Starting Lock Me Out...
2026-01-15 20:07:06 | DEBUG    | Logging initialized. Logs saved to: /home/kalebtata/Projects/lock_me_out/outputs/app.log
2026-01-15 20:07:32 | DEBUG    | Logging initialized. Logs saved to: /home/kalebtata/Projects/lock_me_out/outputs/app.log
2026-01-15 20:07:40 | INFO     | Starting LockOutManager: Delay=60s, Duration=60s
2026-01-15 20:07:40 | INFO     | Waiting for initial delay...
2026-01-15 20:07:52 | DEBUG    | Logging initialized. Logs saved to: /home/kalebtata/Projects/lock_me_out/outputs/app.log
2026-01-15 20:07:55 | INFO     | Starting LockOutManager: Delay=60s, Duration=60s
2026-01-15 20:07:55 | INFO     | Waiting for initial delay...
2026-01-15 20:07:58 | INFO     | Stopping LockOutManager...
2026-01-15 20:07:58 | INFO     | LockOutManager stopped.
2026-01-15 20:08:07 | DEBUG    | Logging initialized. Logs saved to: /home/kalebtata/Projects/lock_me_out/outputs/app.log
2026-01-15 20:08:50 | INFO     | Starting LockOutManager: Delay=60s, Duration=60s
2026-01-15 20:08:50 | INFO     | Waiting for initial delay...
2026-01-15 20:09:20 | DEBUG    | Logging initialized. Logs saved to: /home/kalebtata/Projects/lock_me_out/outputs/app.log
2026-01-15 20:09:22 | INFO     | Starting LockOutManager: Delay=60s, Duration=60s
2026-01-15 20:09:22 | INFO     | Waiting for initial delay...
2026-01-15 20:09:32 | DEBUG    | Logging initialized. Logs saved to: /home/kalebtata/Projects/lock_me_out/outputs/app.log
2026-01-15 20:09:34 | INFO     | Starting LockOutManager: Delay=60s, Duration=60s
2026-01-15 20:09:34 | INFO     | Waiting for initial delay...
2026-01-15 20:09:39 | INFO     | Stopping LockOutManager...
2026-01-15 20:09:39 | INFO     | LockOutManager stopped.
2026-01-15 20:09:42 | INFO     | Starting LockOutManager: Delay=60s, Duration=60s
2026-01-15 20:09:42 | INFO     | Waiting for initial delay...
2026-01-15 20:09:45 | INFO     | Stopping LockOutManager...
2026-01-15 20:09:45 | INFO     | LockOutManager stopped.
2026-01-15 20:18:40 | DEBUG    | Logging initialized. Logs saved to: /home/kalebtata/Projects/lock_me_out/outputs/app.log
2026-01-15 20:19:33 | INFO     | Starting LockOutManager: Delay=0s, Duration=60s
2026-01-15 20:19:33 | INFO     | Waiting for initial delay...
2026-01-15 20:19:33 | INFO     | Initial delay complete. Initiating lockout.
2026-01-15 20:19:33 | INFO     | Initial delay complete. Initiating lockout.
2026-01-15 20:19:33 | DEBUG    | Locking screen...
2026-01-15 20:19:35 | DEBUG    | Locking screen...
2026-01-15 20:19:38 | DEBUG    | Locking screen...
2026-01-15 20:19:40 | DEBUG    | Locking screen...
2026-01-15 20:19:42 | DEBUG    | Locking screen...
2026-01-15 20:19:44 | DEBUG    | Locking screen...
2026-01-15 20:19:46 | DEBUG    | Locking screen...
2026-01-15 20:19:48 | DEBUG    | Locking screen...
2026-01-15 20:19:50 | DEBUG    | Locking screen...
2026-01-15 20:19:51 | INFO     | Stopping LockOutManager...
2026-01-15 20:19:52 | INFO     | LockOutManager stopped.
2026-01-15 20:20:41 | DEBUG    | Logging initialized. Logs saved to: /home/kalebtata/Projects/lock_me_out/outputs/app.log
2026-01-15 20:20:41 | INFO     | Starting LockOutManager: Delay=0s, Duration=60s
2026-01-15 20:20:41 | INFO     | Waiting for initial delay...
2026-01-15 20:20:41 | INFO     | Initial delay complete. Initiating lockout.
2026-01-15 20:20:41 | INFO     | Initial delay complete. Initiating lockout.
2026-01-15 20:20:41 | DEBUG    | Locking screen...
2026-01-15 20:20:43 | DEBUG    | Locking screen...
2026-01-15 20:20:45 | DEBUG    | Locking screen...
2026-01-15 20:20:47 | DEBUG    | Locking screen...
2026-01-15 20:20:49 | DEBUG    | Locking screen...
2026-01-15 20:20:51 | DEBUG    | Locking screen...
2026-01-15 20:20:53 | DEBUG    | Locking screen...
2026-01-15 20:20:55 | DEBUG    | Locking screen...
2026-01-15 20:20:57 | DEBUG    | Locking screen...
2026-01-15 20:21:00 | DEBUG    | Locking screen...
2026-01-15 20:21:02 | DEBUG    | Locking screen...
2026-01-15 20:21:04 | DEBUG    | Locking screen...
2026-01-15 20:21:06 | DEBUG    | Locking screen...
2026-01-15 20:21:08 | DEBUG    | Locking screen...
2026-01-15 20:21:10 | DEBUG    | Locking screen...
2026-01-15 20:21:12 | DEBUG    | Locking screen...
2026-01-15 20:21:14 | DEBUG    | Locking screen...
2026-01-15 20:21:16 | DEBUG    | Locking screen...
2026-01-15 20:21:18 | DEBUG    | Locking screen...
2026-01-15 20:21:21 | DEBUG    | Locking screen...
2026-01-15 20:21:23 | DEBUG    | Locking screen...
2026-01-15 20:21:25 | DEBUG    | Locking screen...
2026-01-15 20:21:27 | DEBUG    | Locking screen...
2026-01-15 20:21:29 | DEBUG    | Locking screen...
2026-01-15 20:21:31 | DEBUG    | Locking screen...
2026-01-15 20:21:33 | DEBUG    | Locking screen...
2026-01-15 20:21:35 | DEBUG    | Locking screen...
2026-01-15 20:21:37 | DEBUG    | Locking screen...
2026-01-15 20:21:39 | DEBUG    | Locking screen...
2026-01-15 20:21:41 | INFO     | Lockout duration finished.
2026-01-15 23:00:58 | DEBUG    | Logging initialized. Logs saved to: /home/kalebtata/Projects/lock_me_out/outputs/app.log
2026-01-15 23:15:17 | DEBUG    | Logging initialized. Logs saved to: /home/kalebtata/Projects/lock_me_out/outputs/app.log
2026-01-15 23:17:17 | INFO     | Starting LockOutManager: Delay=0s, Duration=60s
2026-01-15 23:17:17 | INFO     | Waiting for initial delay...
2026-01-15 23:17:17 | INFO     | Initial delay complete. Initiating lockout.
2026-01-15 23:17:17 | INFO     | Initial delay complete. Initiating lockout.
2026-01-15 23:17:17 | DEBUG    | Locking screen...
2026-01-15 23:17:19 | DEBUG    | Locking screen...
2026-01-15 23:17:21 | DEBUG    | Locking screen...
2026-01-15 23:17:23 | DEBUG    | Locking screen...
2026-01-15 23:17:25 | DEBUG    | Locking screen...
2026-01-15 23:17:27 | DEBUG    | Locking screen...
2026-01-15 23:17:29 | DEBUG    | Locking screen...
2026-01-15 23:17:31 | DEBUG    | Locking screen...
2026-01-15 23:17:33 | DEBUG    | Locking screen...
2026-01-15 23:17:35 | DEBUG    | Locking screen...
2026-01-15 23:17:38 | DEBUG    | Locking screen...
2026-01-15 23:17:40 | DEBUG    | Locking screen...
2026-01-15 23:17:42 | DEBUG    | Locking screen...
2026-01-15 23:17:44 | DEBUG    | Locking screen...
2026-01-15 23:17:46 | DEBUG    | Locking screen...
2026-01-15 23:19:04 | DEBUG    | Logging initialized. Logs saved to: /home/kalebtata/Projects/lock_me_out/outputs/app.log
2026-01-15 23:19:12 | INFO     | Starting LockOutManager: Delay=60s, Duration=60s
2026-01-15 23:19:12 | INFO     | Waiting for initial delay...
2026-01-15 23:19:45 | INFO     | Stopping LockOutManager...
2026-01-15 23:19:46 | INFO     | LockOutManager stopped.
2026-01-15 23:20:05 | INFO     | Starting LockOutManager: Delay=60s, Duration=60s
2026-01-15 23:20:05 | INFO     | Waiting for initial delay...
2026-01-15 23:21:05 | INFO     | Initial delay complete. Initiating lockout.
2026-01-15 23:21:05 | INFO     | Initial delay complete. Initiating lockout.
2026-01-15 23:21:05 | DEBUG    | Locking screen...
2026-01-15 23:21:07 | DEBUG    | Locking screen...
2026-01-15 23:21:09 | DEBUG    | Locking screen...
2026-01-15 23:21:11 | DEBUG    | Locking screen...
2026-01-15 23:21:13 | DEBUG    | Locking screen...
2026-01-15 23:21:15 | DEBUG    | Locking screen...
2026-01-15 23:21:17 | DEBUG    | Locking screen...
2026-01-15 23:21:19 | DEBUG    | Locking screen...
2026-01-15 23:21:21 | DEBUG    | Locking screen...
2026-01-15 23:21:23 | DEBUG    | Locking screen...
2026-01-15 23:21:25 | DEBUG    | Locking screen...
2026-01-15 23:21:27 | DEBUG    | Locking screen...
2026-01-15 23:21:29 | DEBUG    | Locking screen...
2026-01-15 23:21:31 | DEBUG    | Locking screen...
2026-01-15 23:21:33 | DEBUG    | Locking screen...
2026-01-15 23:21:35 | DEBUG    | Locking screen...
2026-01-15 23:21:37 | DEBUG    | Locking screen...
2026-01-15 23:21:39 | DEBUG    | Locking screen...
2026-01-15 23:21:41 | DEBUG    | Locking screen...
2026-01-15 23:21:44 | DEBUG    | Locking screen...
2026-01-15 23:21:46 | DEBUG    | Locking screen...
2026-01-15 23:21:48 | DEBUG    | Locking screen...
2026-01-15 23:21:50 | DEBUG    | Locking screen...
2026-01-15 23:21:52 | DEBUG    | Locking screen...
2026-01-15 23:21:54 | DEBUG    | Locking screen...
2026-01-15 23:21:56 | DEBUG    | Locking screen...
2026-01-15 23:21:58 | DEBUG    | Locking screen...
2026-01-15 23:22:00 | DEBUG    | Locking screen...
2026-01-15 23:22:02 | DEBUG    | Locking screen...
2026-01-15 23:22:04 | DEBUG    | Locking screen...
2026-01-15 23:22:06 | INFO     | Lockout duration finished.
2026-01-15 23:24:21 | DEBUG    | Logging initialized. Logs saved to: /home/kalebtata/Projects/lock_me_out/outputs/app.log
2026-01-15 23:24:21 | INFO     | Starting LockOutManager: Delay=0s, Duration=60s
2026-01-15 23:24:21 | INFO     | Waiting for initial delay...
2026-01-15 23:24:21 | INFO     | Initial delay complete. Initiating lockout.
2026-01-15 23:24:21 | INFO     | Initial delay complete. Initiating lockout.
2026-01-15 23:24:21 | DEBUG    | Locking screen...
2026-01-15 23:24:23 | DEBUG    | Locking screen...
2026-01-15 23:24:26 | DEBUG    | Locking screen...
2026-01-15 23:24:28 | DEBUG    | Locking screen...
2026-01-15 23:24:30 | DEBUG    | Locking screen...
2026-01-15 23:24:32 | DEBUG    | Locking screen...
2026-01-15 23:24:34 | DEBUG    | Locking screen...
2026-01-15 23:24:36 | DEBUG    | Locking screen...
2026-01-15 23:24:38 | DEBUG    | Locking screen...
2026-01-15 23:24:40 | DEBUG    | Locking screen...
2026-01-15 23:24:42 | DEBUG    | Locking screen...
2026-01-15 23:24:44 | DEBUG    | Locking screen...
2026-01-15 23:24:46 | DEBUG    | Locking screen...
2026-01-15 23:24:48 | DEBUG    | Locking screen...
2026-01-15 23:24:50 | DEBUG    | Locking screen...
2026-01-15 23:24:52 | DEBUG    | Locking screen...
2026-01-15 23:24:54 | DEBUG    | Locking screen...
2026-01-15 23:24:56 | DEBUG    | Locking screen...
2026-01-15 23:24:58 | DEBUG    | Locking screen...
2026-01-15 23:25:00 | DEBUG    | Locking screen...
2026-01-15 23:25:02 | DEBUG    | Locking screen...
2026-01-15 23:25:04 | DEBUG    | Locking screen...
2026-01-15 23:25:07 | DEBUG    | Locking screen...
2026-01-15 23:25:09 | DEBUG    | Locking screen...
2026-01-15 23:25:11 | DEBUG    | Locking screen...
2026-01-15 23:25:13 | DEBUG    | Locking screen...
2026-01-15 23:25:15 | DEBUG    | Locking screen...
2026-01-15 23:25:17 | DEBUG    | Locking screen...
2026-01-15 23:25:19 | DEBUG    | Locking screen...
2026-01-15 23:25:21 | DEBUG    | Locking screen...
2026-01-15 23:25:23 | INFO     | Lockout duration finished.
2026-01-15 23:35:09 | DEBUG    | Logging initialized. Logs saved to: /home/kalebtata/Projects/lock_me_out/outputs/app.log
2026-01-15 23:35:17 | DEBUG    | Logging initialized. Logs saved to: /home/kalebtata/Projects/lock_me_out/outputs/app.log
2026-01-15 23:35:41 | DEBUG    | Logging initialized. Logs saved to: /home/kalebtata/Projects/lock_me_out/outputs/app.log
2026-01-15 23:36:12 | INFO     | Starting LockOutManager: Delay=85260s, Duration=60s
2026-01-15 23:36:12 | INFO     | Waiting for initial delay...
2026-01-15 23:36:37 | DEBUG    | Logging initialized. Logs saved to: /home/kalebtata/Projects/lock_me_out/outputs/app.log
2026-01-15 23:36:37 | ERROR    | Failed to load schedules: Expecting value: line 1 column 1 (char 0)
2026-01-15 23:36:58 | INFO     | Starting LockOutManager: Delay=60s, Duration=60s
2026-01-15 23:36:58 | INFO     | Waiting for initial delay...
2026-01-15 23:37:50 | INFO     | Stopping LockOutManager...
2026-01-15 23:37:50 | INFO     | LockOutManager stopped.
2026-01-15 23:38:07 | INFO     | Starting LockOutManager: Delay=0s, Duration=60s
2026-01-15 23:38:07 | INFO     | Waiting for initial delay...
2026-01-15 23:38:07 | INFO     | Initial delay complete. Initiating lockout.
2026-01-15 23:38:07 | INFO     | Initial delay complete. Initiating lockout.
2026-01-15 23:38:07 | DEBUG    | Locking screen...
2026-01-15 23:38:09 | DEBUG    | Locking screen...
2026-01-15 23:38:11 | DEBUG    | Locking screen...
2026-01-15 23:38:13 | DEBUG    | Locking screen...
2026-01-15 23:38:15 | DEBUG    | Locking screen...
2026-01-15 23:38:17 | DEBUG    | Locking screen...
2026-01-15 23:38:19 | DEBUG    | Locking screen...
2026-01-15 23:38:21 | DEBUG    | Locking screen...
2026-01-15 23:38:23 | DEBUG    | Locking screen...
2026-01-15 23:38:25 | DEBUG    | Locking screen...
2026-01-15 23:38:27 | DEBUG    | Locking screen...
2026-01-15 23:38:29 | DEBUG    | Locking screen...
2026-01-15 23:38:31 | DEBUG    | Locking screen...
2026-01-15 23:38:33 | DEBUG    | Locking screen...
2026-01-15 23:38:35 | DEBUG    | Locking screen...
2026-01-15 23:38:37 | DEBUG    | Locking screen...
2026-01-15 23:38:40 | DEBUG    | Locking screen...
2026-01-15 23:38:42 | DEBUG    | Locking screen...
2026-01-15 23:38:44 | DEBUG    | Locking screen...
2026-01-15 23:38:46 | DEBUG    | Locking screen...
2026-01-15 23:38:48 | DEBUG    | Locking screen...
2026-01-15 23:38:50 | DEBUG    | Locking screen...
2026-01-15 23:38:52 | DEBUG    | Locking screen...
2026-01-15 23:38:54 | DEBUG    | Locking screen...
2026-01-15 23:38:56 | DEBUG    | Locking screen...
2026-01-15 23:38:58 | DEBUG    | Locking screen...
2026-01-15 23:39:00 | DEBUG    | Locking screen...
2026-01-15 23:39:02 | DEBUG    | Locking screen...
2026-01-15 23:39:04 | DEBUG    | Locking screen...
2026-01-15 23:39:06 | DEBUG    | Locking screen...
2026-01-15 23:39:08 | INFO     | Lockout duration finished.
2026-01-15 23:39:37 | INFO     | Starting LockOutManager: Delay=86280s, Duration=60s
2026-01-15 23:39:37 | INFO     | Waiting for initial delay...
2026-01-15 23:40:15 | INFO     | Stopping LockOutManager...
2026-01-15 23:40:15 | INFO     | LockOutManager stopped.
2026-01-15 23:40:23 | DEBUG    | Logging initialized. Logs saved to: /home/kalebtata/Projects/lock_me_out/outputs/app.log
2026-01-15 23:40:49 | DEBUG    | Logging initialized. Logs saved to: /home/kalebtata/Projects/lock_me_out/outputs/app.log
2026-01-15 23:41:25 | DEBUG    | Logging initialized. Logs saved to: /home/kalebtata/Projects/lock_me_out/outputs/app.log
2026-01-15 23:41:25 | INFO     | Starting LockOutManager: Delay=180s, Duration=840s
2026-01-15 23:41:25 | INFO     | Waiting for initial delay...
2026-01-15 23:41:50 | INFO     | Stopping LockOutManager...
2026-01-15 23:41:51 | INFO     | LockOutManager stopped.
2026-01-15 23:43:46 | DEBUG    | Logging initialized. Logs saved to: /home/kalebtata/Projects/lock_me_out/outputs/app.log
2026-01-15 23:44:35 | DEBUG    | Logging initialized. Logs saved to: /home/kalebtata/Projects/lock_me_out/outputs/app.log
2026-01-15 23:44:35 | INFO     | Starting LockOutManager: Delay=300s, Duration=300s
2026-01-15 23:44:35 | INFO     | Waiting for initial delay...
2026-01-15 23:50:07 | DEBUG    | Logging initialized. Logs saved to: /home/kalebtata/Projects/lock_me_out/outputs/app.log
2026-01-15 23:50:07 | INFO     | Starting LockOutManager: Delay=172s, Duration=120s
2026-01-15 23:50:07 | INFO     | Waiting for initial delay...
2026-01-15 23:50:32 | DEBUG    | Logging initialized. Logs saved to: /home/kalebtata/Projects/lock_me_out/outputs/app.log
2026-01-15 23:51:02 | INFO     | Starting LockOutManager: Delay=0s, Duration=477s
2026-01-15 23:51:02 | INFO     | Waiting for initial delay...
2026-01-15 23:51:02 | INFO     | Initial delay complete. Initiating lockout.
2026-01-15 23:51:02 | INFO     | Initial delay complete. Initiating lockout.
2026-01-15 23:51:02 | DEBUG    | Locking screen...
2026-01-15 23:51:04 | DEBUG    | Locking screen...
2026-01-15 23:51:06 | DEBUG    | Locking screen...
2026-01-15 23:51:08 | DEBUG    | Locking screen...
2026-01-15 23:51:10 | DEBUG    | Locking screen...
2026-01-15 23:51:12 | DEBUG    | Locking screen...
2026-01-15 23:51:14 | DEBUG    | Locking screen...
2026-01-15 23:51:16 | DEBUG    | Locking screen...
2026-01-15 23:51:18 | DEBUG    | Locking screen...
2026-01-15 23:51:20 | DEBUG    | Locking screen...
2026-01-15 23:51:22 | DEBUG    | Locking screen...
2026-01-15 23:51:25 | DEBUG    | Locking screen...
2026-01-15 23:51:27 | DEBUG    | Locking screen...
2026-01-15 23:51:29 | DEBUG    | Locking screen...
2026-01-15 23:51:31 | DEBUG    | Locking screen...
2026-01-15 23:51:33 | DEBUG    | Locking screen...
2026-01-15 23:51:35 | DEBUG    | Locking screen...
2026-01-15 23:51:37 | DEBUG    | Locking screen...
2026-01-15 23:51:39 | DEBUG    | Locking screen...
2026-01-15 23:51:41 | DEBUG    | Locking screen...
2026-01-15 23:51:43 | DEBUG    | Locking screen...
2026-01-15 23:51:45 | DEBUG    | Locking screen...
2026-01-15 23:51:47 | DEBUG    | Locking screen...
2026-01-15 23:51:49 | DEBUG    | Locking screen...
2026-01-15 23:51:51 | DEBUG    | Locking screen...
2026-01-15 23:51:53 | DEBUG    | Locking screen...
2026-01-15 23:51:55 | DEBUG    | Locking screen...
2026-01-15 23:51:57 | DEBUG    | Locking screen...
2026-01-15 23:51:59 | DEBUG    | Locking screen...
2026-01-15 23:52:01 | DEBUG    | Locking screen...
2026-01-15 23:52:03 | DEBUG    | Locking screen...
2026-01-15 23:52:05 | DEBUG    | Locking screen...
2026-01-15 23:52:07 | DEBUG    | Locking screen...
2026-01-15 23:52:09 | DEBUG    | Locking screen...
2026-01-15 23:52:11 | DEBUG    | Locking screen...
2026-01-15 23:52:14 | DEBUG    | Locking screen...
2026-01-15 23:52:16 | DEBUG    | Locking screen...
2026-01-15 23:52:18 | DEBUG    | Locking screen...
2026-01-15 23:52:20 | DEBUG    | Locking screen...
2026-01-15 23:52:22 | DEBUG    | Locking screen...
2026-01-15 23:52:24 | DEBUG    | Locking screen...
2026-01-15 23:52:26 | DEBUG    | Locking screen...
2026-01-15 23:52:28 | DEBUG    | Locking screen...
2026-01-15 23:52:30 | DEBUG    | Locking screen...
2026-01-15 23:52:32 | DEBUG    | Locking screen...
2026-01-15 23:52:34 | DEBUG    | Locking screen...
2026-01-15 23:52:36 | DEBUG    | Locking screen...
2026-01-15 23:52:38 | DEBUG    | Locking screen...
2026-01-15 23:52:40 | DEBUG    | Locking screen...
2026-01-15 23:52:42 | DEBUG    | Locking screen...
2026-01-15 23:52:44 | DEBUG    | Locking screen...
2026-01-15 23:52:46 | DEBUG    | Locking screen...
2026-01-15 23:52:48 | DEBUG    | Locking screen...
2026-01-15 23:52:50 | DEBUG    | Locking screen...
2026-01-15 23:52:52 | DEBUG    | Locking screen...
2026-01-15 23:52:54 | DEBUG    | Locking screen...
2026-01-15 23:52:56 | DEBUG    | Locking screen...
2026-01-15 23:52:58 | DEBUG    | Locking screen...
2026-01-15 23:53:00 | DEBUG    | Locking screen...
2026-01-15 23:53:03 | DEBUG    | Locking screen...
2026-01-15 23:53:05 | DEBUG    | Locking screen...
2026-01-15 23:53:07 | DEBUG    | Locking screen...
2026-01-15 23:53:09 | DEBUG    | Locking screen...
2026-01-15 23:53:11 | DEBUG    | Locking screen...
2026-01-15 23:53:13 | DEBUG    | Locking screen...
2026-01-15 23:53:15 | DEBUG    | Locking screen...
2026-01-15 23:53:17 | DEBUG    | Locking screen...
2026-01-15 23:53:19 | DEBUG    | Locking screen...
2026-01-15 23:53:21 | DEBUG    | Locking screen...
2026-01-15 23:53:23 | DEBUG    | Locking screen...
2026-01-15 23:53:25 | DEBUG    | Locking screen...
2026-01-15 23:53:27 | DEBUG    | Locking screen...
2026-01-15 23:53:29 | DEBUG    | Locking screen...
2026-01-15 23:53:31 | DEBUG    | Locking screen...
2026-01-15 23:53:33 | DEBUG    | Locking screen...
2026-01-15 23:53:35 | DEBUG    | Locking screen...
2026-01-15 23:53:37 | DEBUG    | Locking screen...
2026-01-15 23:53:39 | DEBUG    | Locking screen...
2026-01-15 23:53:41 | DEBUG    | Locking screen...
2026-01-15 23:53:43 | DEBUG    | Locking screen...
2026-01-15 23:53:45 | DEBUG    | Locking screen...
2026-01-15 23:53:47 | DEBUG    | Locking screen...
2026-01-15 23:53:49 | DEBUG    | Locking screen...
2026-01-15 23:53:52 | DEBUG    | Locking screen...
2026-01-15 23:53:54 | DEBUG    | Locking screen...
2026-01-15 23:53:56 | DEBUG    | Locking screen...
2026-01-15 23:53:58 | DEBUG    | Locking screen...
2026-01-15 23:54:00 | DEBUG    | Locking screen...
2026-01-15 23:54:02 | DEBUG    | Locking screen...
2026-01-15 23:54:04 | DEBUG    | Locking screen...
2026-01-15 23:54:06 | DEBUG    | Locking screen...
2026-01-15 23:54:08 | DEBUG    | Locking screen...
2026-01-15 23:54:10 | DEBUG    | Locking screen...
2026-01-15 23:54:12 | DEBUG    | Locking screen...
2026-01-15 23:54:14 | DEBUG    | Locking screen...
2026-01-15 23:54:16 | DEBUG    | Locking screen...
2026-01-15 23:54:18 | DEBUG    | Locking screen...
2026-01-15 23:54:20 | DEBUG    | Locking screen...
2026-01-15 23:54:22 | DEBUG    | Locking screen...
2026-01-15 23:54:24 | DEBUG    | Locking screen...
2026-01-15 23:54:26 | DEBUG    | Locking screen...
2026-01-15 23:54:28 | DEBUG    | Locking screen...
2026-01-15 23:54:30 | DEBUG    | Locking screen...
2026-01-15 23:54:32 | DEBUG    | Locking screen...
2026-01-15 23:54:34 | DEBUG    | Locking screen...
2026-01-15 23:54:36 | DEBUG    | Locking screen...
2026-01-15 23:54:38 | DEBUG    | Locking screen...
2026-01-15 23:54:41 | DEBUG    | Locking screen...
2026-01-15 23:54:43 | DEBUG    | Locking screen...
2026-01-15 23:54:45 | DEBUG    | Locking screen...
2026-01-15 23:54:47 | DEBUG    | Locking screen...
2026-01-15 23:54:49 | DEBUG    | Locking screen...
2026-01-15 23:54:51 | DEBUG    | Locking screen...
2026-01-15 23:54:53 | DEBUG    | Locking screen...
2026-01-15 23:54:55 | DEBUG    | Locking screen...
2026-01-15 23:54:57 | DEBUG    | Locking screen...
2026-01-15 23:54:59 | DEBUG    | Locking screen...
2026-01-15 23:55:01 | DEBUG    | Locking screen...
2026-01-15 23:55:03 | DEBUG    | Locking screen...
2026-01-15 23:55:05 | DEBUG    | Locking screen...
2026-01-15 23:55:07 | DEBUG    | Locking screen...
2026-01-15 23:55:09 | DEBUG    | Locking screen...
2026-01-15 23:55:11 | DEBUG    | Locking screen...
2026-01-15 23:55:13 | DEBUG    | Locking screen...
2026-01-15 23:55:15 | DEBUG    | Locking screen...
2026-01-15 23:55:17 | DEBUG    | Locking screen...
2026-01-15 23:55:19 | DEBUG    | Locking screen...
2026-01-15 23:55:21 | DEBUG    | Locking screen...
2026-01-15 23:55:23 | DEBUG    | Locking screen...
2026-01-15 23:55:25 | DEBUG    | Locking screen...
2026-01-15 23:55:27 | DEBUG    | Locking screen...
2026-01-15 23:55:30 | DEBUG    | Locking screen...
2026-01-15 23:55:32 | DEBUG    | Locking screen...
2026-01-15 23:55:34 | DEBUG    | Locking screen...
2026-01-15 23:55:36 | DEBUG    | Locking screen...
2026-01-15 23:55:38 | DEBUG    | Locking screen...
2026-01-15 23:55:40 | DEBUG    | Locking screen...
2026-01-15 23:55:42 | DEBUG    | Locking screen...
2026-01-15 23:55:44 | DEBUG    | Locking screen...
2026-01-15 23:55:46 | DEBUG    | Locking screen...
2026-01-15 23:55:48 | DEBUG    | Locking screen...
2026-01-15 23:55:50 | DEBUG    | Locking screen...
2026-01-15 23:55:52 | DEBUG    | Locking screen...
2026-01-15 23:55:54 | DEBUG    | Locking screen...
2026-01-15 23:55:56 | DEBUG    | Locking screen...
2026-01-15 23:55:58 | DEBUG    | Locking screen...
2026-01-15 23:56:00 | DEBUG    | Locking screen...
2026-01-15 23:56:02 | DEBUG    | Locking screen...
2026-01-15 23:56:04 | DEBUG    | Locking screen...
2026-01-15 23:56:06 | DEBUG    | Locking screen...
2026-01-15 23:56:08 | DEBUG    | Locking screen...
2026-01-15 23:56:10 | DEBUG    | Locking screen...
2026-01-15 23:56:12 | DEBUG    | Locking screen...
2026-01-15 23:56:14 | DEBUG    | Locking screen...
2026-01-15 23:56:16 | DEBUG    | Locking screen...
2026-01-15 23:56:19 | DEBUG    | Locking screen...
2026-01-15 23:56:21 | DEBUG    | Locking screen...
2026-01-15 23:56:23 | DEBUG    | Locking screen...
2026-01-15 23:56:25 | DEBUG    | Locking screen...
2026-01-15 23:56:27 | DEBUG    | Locking screen...
2026-01-15 23:56:29 | DEBUG    | Locking screen...
2026-01-15 23:56:31 | DEBUG    | Locking screen...
2026-01-15 23:56:33 | DEBUG    | Locking screen...
2026-01-15 23:56:35 | DEBUG    | Locking screen...
2026-01-15 23:56:37 | DEBUG    | Locking screen...
2026-01-15 23:56:39 | DEBUG    | Locking screen...
2026-01-15 23:56:41 | DEBUG    | Locking screen...
2026-01-15 23:56:43 | DEBUG    | Locking screen...
2026-01-15 23:56:45 | DEBUG    | Locking screen...
2026-01-15 23:56:47 | DEBUG    | Locking screen...
2026-01-15 23:56:49 | DEBUG    | Locking screen...
2026-01-15 23:56:51 | DEBUG    | Locking screen...
2026-01-15 23:56:53 | DEBUG    | Locking screen...
2026-01-15 23:56:55 | DEBUG    | Locking screen...
2026-01-15 23:56:57 | DEBUG    | Locking screen...
2026-01-15 23:56:59 | DEBUG    | Locking screen...
2026-01-15 23:58:38 | DEBUG    | Logging initialized. Logs saved to: /home/kalebtata/Projects/lock_me_out/outputs/app.log
2026-01-15 23:59:08 | INFO     | Starting LockOutManager: Delay=85131s, Duration=60s
2026-01-15 23:59:08 | INFO     | Waiting for initial delay...
2026-01-16 01:41:45 | DEBUG    | Logging initialized. Logs saved to: /home/kalebtata/Projects/lock_me_out/outputs/app.log
2026-01-16 01:41:45 | INFO     | Starting LockOutManager: Delay=1094s, Duration=300s
2026-01-16 01:41:45 | INFO     | Waiting for initial delay...
2026-01-16 02:00:00 | INFO     | Initial delay complete. Initiating lockout.
2026-01-16 02:00:00 | INFO     | Initial delay complete. Initiating lockout.
2026-01-16 02:00:00 | DEBUG    | Locking screen...
2026-01-16 02:00:02 | DEBUG    | Locking screen...
2026-01-16 02:00:04 | DEBUG    | Locking screen...
2026-01-16 02:00:06 | DEBUG    | Locking screen...
2026-01-16 02:00:08 | DEBUG    | Locking screen...
2026-01-16 02:00:10 | DEBUG    | Locking screen...
2026-01-16 02:00:12 | DEBUG    | Locking screen...
2026-01-16 02:00:14 | DEBUG    | Locking screen...
2026-01-16 02:00:16 | DEBUG    | Locking screen...
2026-01-16 02:00:18 | DEBUG    | Locking screen...
2026-01-16 02:00:20 | DEBUG    | Locking screen...
2026-01-16 02:00:23 | DEBUG    | Locking screen...
2026-01-16 02:00:25 | DEBUG    | Locking screen...
2026-01-16 02:00:27 | DEBUG    | Locking screen...
2026-01-16 02:00:29 | DEBUG    | Locking screen...
2026-01-16 02:00:31 | DEBUG    | Locking screen...
2026-01-16 02:00:33 | DEBUG    | Locking screen...
2026-01-16 02:00:35 | DEBUG    | Locking screen...
2026-01-16 02:00:37 | DEBUG    | Locking screen...
2026-01-16 02:00:39 | DEBUG    | Locking screen...
2026-01-16 02:00:41 | DEBUG    | Locking screen...
2026-01-16 02:00:43 | DEBUG    | Locking screen...
2026-01-16 02:00:45 | DEBUG    | Locking screen...
2026-01-16 02:00:47 | DEBUG    | Locking screen...
2026-01-16 02:00:49 | DEBUG    | Locking screen...
2026-01-16 02:03:45 | DEBUG    | Locking screen...
2026-01-16 02:03:47 | DEBUG    | Locking screen...
2026-01-16 02:03:49 | DEBUG    | Locking screen...
2026-01-16 02:03:51 | DEBUG    | Locking screen...
2026-01-16 02:03:53 | DEBUG    | Locking screen...
2026-01-16 02:03:55 | DEBUG    | Locking screen...
2026-01-16 02:03:57 | DEBUG    | Locking screen...
2026-01-16 02:03:59 | DEBUG    | Locking screen...
2026-01-16 02:04:01 | DEBUG    | Locking screen...
2026-01-16 02:04:03 | DEBUG    | Locking screen...
2026-01-16 02:04:05 | DEBUG    | Locking screen...
2026-01-16 02:04:07 | DEBUG    | Locking screen...
2026-01-16 02:04:10 | DEBUG    | Locking screen...
2026-01-16 02:04:12 | DEBUG    | Locking screen...
2026-01-16 02:04:14 | DEBUG    | Locking screen...
2026-01-16 02:04:16 | DEBUG    | Locking screen...
2026-01-16 02:04:18 | DEBUG    | Locking screen...
2026-01-16 02:04:20 | DEBUG    | Locking screen...
2026-01-16 02:04:22 | DEBUG    | Locking screen...
2026-01-16 02:04:24 | DEBUG    | Locking screen...
2026-01-16 02:04:26 | DEBUG    | Locking screen...
2026-01-16 02:04:28 | DEBUG    | Locking screen...
2026-01-16 02:04:30 | DEBUG    | Locking screen...
2026-01-16 02:04:32 | DEBUG    | Locking screen...
2026-01-16 02:04:34 | DEBUG    | Locking screen...
2026-01-16 02:04:36 | DEBUG    | Locking screen...
2026-01-16 02:04:38 | DEBUG    | Locking screen...
2026-01-16 02:04:40 | DEBUG    | Locking screen...
2026-01-16 02:04:42 | DEBUG    | Locking screen...
2026-01-16 02:04:44 | DEBUG    | Locking screen...
2026-01-16 02:04:46 | DEBUG    | Locking screen...
2026-01-16 02:04:48 | DEBUG    | Locking screen...
2026-01-16 02:04:50 | DEBUG    | Locking screen...
2026-01-16 02:04:53 | DEBUG    | Locking screen...
2026-01-16 02:04:55 | DEBUG    | Locking screen...
2026-01-16 02:04:57 | DEBUG    | Locking screen...
2026-01-16 02:04:59 | DEBUG    | Locking screen...
2026-01-16 02:05:01 | INFO     | Lockout duration finished.
2026-01-16 02:24:36 | DEBUG    | Logging initialized. Logs saved to: /home/kalebtata/Projects/lock_me_out/outputs/app.log
2026-01-16 02:24:46 | DEBUG    | Logging initialized. Logs saved to: /home/kalebtata/Projects/lock_me_out/outputs/app.log
2026-01-16 02:25:14 | DEBUG    | Logging initialized. Logs saved to: /home/kalebtata/Projects/lock_me_out/outputs/app.log
2026-01-16 02:28:32 | DEBUG    | Logging initialized. Logs saved to: /home/kalebtata/Projects/lock_me_out/outputs/app.log
2026-01-16 02:28:37 | DEBUG    | Logging initialized. Logs saved to: /home/kalebtata/Projects/lock_me_out/outputs/app.log
2026-01-16 02:28:43 | DEBUG    | Logging initialized. Logs saved to: /home/kalebtata/Projects/lock_me_out/outputs/app.log
2026-01-16 02:28:47 | DEBUG    | Logging initialized. Logs saved to: /home/kalebtata/Projects/lock_me_out/outputs/app.log
2026-01-16 02:28:49 | DEBUG    | Logging initialized. Logs saved to: /home/kalebtata/Projects/lock_me_out/outputs/app.log
2026-01-16 02:28:51 | DEBUG    | Logging initialized. Logs saved to: /home/kalebtata/Projects/lock_me_out/outputs/app.log
2026-01-16 02:28:52 | DEBUG    | Logging initialized. Logs saved to: /home/kalebtata/Projects/lock_me_out/outputs/app.log
2026-01-16 02:28:54 | DEBUG    | Logging initialized. Logs saved to: /home/kalebtata/Projects/lock_me_out/outputs/app.log
2026-01-16 02:28:56 | DEBUG    | Logging initialized. Logs saved to: /home/kalebtata/Projects/lock_me_out/outputs/app.log
2026-01-16 02:29:10 | DEBUG    | Logging initialized. Logs saved to: /home/kalebtata/Projects/lock_me_out/outputs/app.log
2026-01-16 02:29:13 | DEBUG    | Logging initialized. Logs saved to: /home/kalebtata/Projects/lock_me_out/outputs/app.log
2026-01-16 02:29:17 | DEBUG    | Logging initialized. Logs saved to: /home/kalebtata/Projects/lock_me_out/outputs/app.log
2026-01-16 02:29:17 | INFO     | Starting LockOutManager: Delay=0s, Duration=42s
2026-01-16 02:29:17 | INFO     | Waiting for initial delay...
2026-01-16 02:29:17 | INFO     | Initial delay complete. Initiating lockout.
2026-01-16 02:29:17 | INFO     | Initial delay complete. Initiating lockout.
2026-01-16 02:29:17 | DEBUG    | Locking screen...
2026-01-16 02:29:19 | DEBUG    | Locking screen...
2026-01-16 02:29:21 | DEBUG    | Locking screen...
2026-01-16 02:29:23 | DEBUG    | Locking screen...
2026-01-16 02:29:25 | DEBUG    | Locking screen...
2026-01-16 02:29:27 | DEBUG    | Locking screen...
2026-01-16 02:29:29 | DEBUG    | Locking screen...
2026-01-16 02:29:31 | DEBUG    | Locking screen...
2026-01-16 02:29:33 | DEBUG    | Locking screen...
2026-01-16 02:29:35 | DEBUG    | Locking screen...
2026-01-16 02:29:37 | DEBUG    | Locking screen...
2026-01-16 02:29:39 | DEBUG    | Locking screen...
2026-01-16 02:29:41 | DEBUG    | Locking screen...
2026-01-16 02:29:43 | DEBUG    | Locking screen...
2026-01-16 02:29:45 | DEBUG    | Locking screen...
2026-01-16 02:29:48 | DEBUG    | Locking screen...
2026-01-16 02:29:50 | DEBUG    | Locking screen...
2026-01-16 02:29:52 | DEBUG    | Locking screen...
2026-01-16 02:29:54 | DEBUG    | Locking screen...
2026-01-16 02:29:56 | DEBUG    | Locking screen...
2026-01-16 02:29:58 | DEBUG    | Locking screen...
2026-01-16 02:30:00 | INFO     | Lockout duration finished.
2026-01-16 02:31:44 | DEBUG    | Logging initialized. Logs saved to: /home/kalebtata/Projects/lock_me_out/outputs/app.log
2026-01-16 02:32:05 | DEBUG    | Logging initialized. Logs saved to: /home/kalebtata/Projects/lock_me_out/outputs/app.log
2026-01-16 02:32:15 | DEBUG    | Logging initialized. Logs saved to: /home/kalebtata/Projects/lock_me_out/outputs/app.log
2026-01-16 02:33:01 | DEBUG    | Logging initialized. Logs saved to: /home/kalebtata/Projects/lock_me_out/outputs/app.log
2026-01-16 02:46:16 | DEBUG    | Logging initialized. Logs saved to: /home/kalebtata/Projects/lock_me_out/outputs/app.log
2026-01-16 02:46:21 | DEBUG    | Logging initialized. Logs saved to: /home/kalebtata/Projects/lock_me_out/outputs/app.log
2026-01-16 02:47:49 | DEBUG    | Logging initialized. Logs saved to: /home/kalebtata/Projects/lock_me_out/outputs/app.log
2026-01-16 02:48:02 | DEBUG    | Logging initialized. Logs saved to: /home/kalebtata/Projects/lock_me_out/outputs/app.log
2026-01-16 02:48:05 | DEBUG    | Logging initialized. Logs saved to: /home/kalebtata/Projects/lock_me_out/outputs/app.log
2026-01-16 02:48:12 | DEBUG    | Logging initialized. Logs saved to: /home/kalebtata/Projects/lock_me_out/outputs/app.log
2026-01-16 02:49:40 | DEBUG    | Logging initialized. Logs saved to: /home/kalebtata/Projects/lock_me_out/outputs/app.log
2026-01-16 02:52:30 | DEBUG    | Logging initialized. Logs saved to: /home/kalebtata/Projects/lock_me_out/outputs/app.log
2026-01-16 02:52:35 | DEBUG    | Logging initialized. Logs saved to: /home/kalebtata/Projects/lock_me_out/outputs/app.log
2026-01-16 02:52:53 | DEBUG    | Logging initialized. Logs saved to: /home/kalebtata/Projects/lock_me_out/outputs/app.log
2026-01-16 02:52:53 | ERROR    | Failed to load schedules: Expecting value: line 1 column 1 (char 0)
2026-01-16 02:53:00 | DEBUG    | Logging initialized. Logs saved to: /home/kalebtata/Projects/lock_me_out/outputs/app.log
2026-01-16 02:53:00 | ERROR    | Failed to load schedules: Expecting value: line 1 column 1 (char 0)
2026-01-16 02:53:05 | DEBUG    | Logging initialized. Logs saved to: /home/kalebtata/Projects/lock_me_out/outputs/app.log
2026-01-16 02:53:05 | ERROR    | Failed to load schedules: Expecting value: line 1 column 1 (char 0)
2026-01-16 02:53:08 | DEBUG    | Logging initialized. Logs saved to: /home/kalebtata/Projects/lock_me_out/outputs/app.log
2026-01-16 02:53:08 | ERROR    | Failed to load schedules: Expecting value: line 1 column 1 (char 0)
2026-01-16 02:53:14 | DEBUG    | Logging initialized. Logs saved to: /home/kalebtata/Projects/lock_me_out/outputs/app.log
2026-01-16 02:53:38 | DEBUG    | Logging initialized. Logs saved to: /home/kalebtata/Projects/lock_me_out/outputs/app.log
2026-01-16 02:57:03 | DEBUG    | Logging initialized. Logs saved to: /home/kalebtata/Projects/lock_me_out/outputs/app.log
2026-01-16 02:58:05 | DEBUG    | Logging initialized. Logs saved to: /home/kalebtata/Projects/lock_me_out/outputs/app.log
2026-01-16 03:01:31 | DEBUG    | Logging initialized. Logs saved to: /home/kalebtata/Projects/lock_me_out/outputs/app.log
2026-01-16 03:27:21 | DEBUG    | Logging initialized. Logs saved to: /home/kalebtata/Projects/lock_me_out/outputs/app.log
2026-01-16 03:37:04 | DEBUG    | Logging initialized. Logs saved to: /home/kalebtata/Projects/lock_me_out/outputs/app.log
2026-01-16 03:37:41 | DEBUG    | Logging initialized. Logs saved to: /home/kalebtata/Projects/lock_me_out/outputs/app.log
2026-01-16 03:38:05 | DEBUG    | Logging initialized. Logs saved to: /home/kalebtata/Projects/lock_me_out/outputs/app.log
2026-01-16 03:38:17 | DEBUG    | Logging initialized. Logs saved to: /home/kalebtata/Projects/lock_me_out/outputs/app.log
2026-01-16 03:38:31 | DEBUG    | Logging initialized. Logs saved to: /home/kalebtata/Projects/lock_me_out/outputs/app.log
2026-01-16 03:59:02 | DEBUG    | Logging initialized. Logs saved to: /home/kalebtata/Projects/lock_me_out/outputs/app.log
2026-01-16 03:59:08 | DEBUG    | Logging initialized. Logs saved to: /home/kalebtata/Projects/lock_me_out/outputs/app.log
2026-01-16 04:00:10 | DEBUG    | Logging initialized. Logs saved to: /home/kalebtata/Projects/lock_me_out/outputs/app.log
2026-01-16 04:00:36 | DEBUG    | Logging initialized. Logs saved to: /home/kalebtata/Projects/lock_me_out/outputs/app.log
2026-01-16 04:01:45 | DEBUG    | Logging initialized. Logs saved to: /home/kalebtata/Projects/lock_me_out/outputs/app.log
2026-01-16 04:03:55 | DEBUG    | Logging initialized. Logs saved to: /home/kalebtata/Projects/lock_me_out/outputs/app.log
2026-01-16 04:06:09 | DEBUG    | Logging initialized. Logs saved to: /home/kalebtata/Projects/lock_me_out/outputs/app.log
2026-01-16 04:06:25 | DEBUG    | Logging initialized. Logs saved to: /home/kalebtata/Projects/lock_me_out/outputs/app.log
2026-01-16 04:07:06 | DEBUG    | Logging initialized. Logs saved to: /home/kalebtata/Projects/lock_me_out/outputs/app.log
2026-01-16 04:08:03 | DEBUG    | Logging initialized. Logs saved to: /home/kalebtata/Projects/lock_me_out/outputs/app.log
2026-01-16 04:08:56 | DEBUG    | Logging initialized. Logs saved to: /home/kalebtata/Projects/lock_me_out/outputs/app.log
2026-01-16 04:09:13 | DEBUG    | Logging initialized. Logs saved to: /home/kalebtata/Projects/lock_me_out/outputs/app.log
2026-01-16 04:09:28 | DEBUG    | Logging initialized. Logs saved to: /home/kalebtata/Projects/lock_me_out/outputs/app.log
2026-01-16 04:09:54 | DEBUG    | Logging initialized. Logs saved to: /home/kalebtata/Projects/lock_me_out/outputs/app.log
2026-01-16 04:13:28 | DEBUG    | Logging initialized. Logs saved to: /home/kalebtata/Projects/lock_me_out/outputs/app.log
2026-01-16 04:14:31 | DEBUG    | Logging initialized. Logs saved to: /home/kalebtata/Projects/lock_me_out/outputs/app.log
2026-01-16 04:15:41 | DEBUG    | Logging initialized. Logs saved to: /home/kalebtata/Projects/lock_me_out/outputs/app.log
2026-01-16 04:21:05 | DEBUG    | Logging initialized. Logs saved to: /home/kalebtata/Projects/lock_me_out/outputs/app.log
2026-01-16 04:25:14 | DEBUG    | Logging initialized. Logs saved to: /home/kalebtata/Projects/lock_me_out/outputs/app.log
2026-01-16 04:26:34 | DEBUG    | Logging initialized. Logs saved to: /home/kalebtata/Projects/lock_me_out/outputs/app.log
2026-01-16 04:26:39 | DEBUG    | Logging initialized. Logs saved to: /home/kalebtata/Projects/lock_me_out/outputs/app.log
2026-01-16 04:26:43 | DEBUG    | Logging initialized. Logs saved to: /home/kalebtata/Projects/lock_me_out/outputs/app.log
2026-01-16 04:26:45 | DEBUG    | Logging initialized. Logs saved to: /home/kalebtata/Projects/lock_me_out/outputs/app.log
2026-01-16 04:26:59 | DEBUG    | Logging initialized. Logs saved to: /home/kalebtata/Projects/lock_me_out/outputs/app.log
2026-01-16 04:27:07 | DEBUG    | Logging initialized. Logs saved to: /home/kalebtata/Projects/lock_me_out/outputs/app.log
2026-01-16 04:28:19 | DEBUG    | Logging initialized. Logs saved to: /home/kalebtata/Projects/lock_me_out/outputs/app.log
2026-01-16 04:28:34 | DEBUG    | Logging initialized. Logs saved to: /home/kalebtata/Projects/lock_me_out/outputs/app.log
2026-01-16 04:28:55 | DEBUG    | Logging initialized. Logs saved to: /home/kalebtata/Projects/lock_me_out/outputs/app.log
2026-01-16 04:28:58 | DEBUG    | Logging initialized. Logs saved to: /home/kalebtata/Projects/lock_me_out/outputs/app.log
2026-01-16 04:29:03 | DEBUG    | Logging initialized. Logs saved to: /home/kalebtata/Projects/lock_me_out/outputs/app.log
2026-01-16 04:30:35 | DEBUG    | Logging initialized. Logs saved to: /home/kalebtata/Projects/lock_me_out/outputs/app.log
2026-01-16 04:54:25 | DEBUG    | Logging initialized. Logs saved to: /home/kalebtata/Projects/lock_me_out/outputs/app.log
2026-01-16 04:54:25 | INFO     | Starting LockOutManager: Delay=0s, Duration=60s, BlockOnly=True, Apps=['sleep']
2026-01-16 04:54:25 | INFO     | Waiting for initial delay...
2026-01-16 04:54:25 | INFO     | Initial delay complete. Initiating lockout.
2026-01-16 04:54:25 | INFO     | Killing sleep (PID: 82382)
2026-01-16 04:54:25 | INFO     | Killing sleep (PID: 82395)
2026-01-16 04:55:26 | INFO     | Lockout duration finished.
2026-01-16 04:57:22 | DEBUG    | Logging initialized. Logs saved to: /home/kalebtata/Projects/lock_me_out/outputs/app.log
2026-01-16 04:57:32 | DEBUG    | Logging initialized. Logs saved to: /home/kalebtata/Projects/lock_me_out/outputs/app.log
2026-01-16 04:58:12 | DEBUG    | Logging initialized. Logs saved to: /home/kalebtata/Projects/lock_me_out/outputs/app.log
2026-01-16 04:58:50 | DEBUG    | Logging initialized. Logs saved to: /home/kalebtata/Projects/lock_me_out/outputs/app.log
2026-01-16 04:58:53 | DEBUG    | Logging initialized. Logs saved to: /home/kalebtata/Projects/lock_me_out/outputs/app.log
2026-01-16 05:00:47 | DEBUG    | Logging initialized. Logs saved to: /home/kalebtata/Projects/lock_me_out/outputs/app.log
2026-01-16 05:01:15 | DEBUG    | Logging initialized. Logs saved to: /home/kalebtata/Projects/lock_me_out/outputs/app.log
2026-01-16 05:02:42 | DEBUG    | Logging initialized. Logs saved to: /home/kalebtata/Projects/lock_me_out/outputs/app.log
2026-01-16 05:02:47 | DEBUG    | Logging initialized. Logs saved to: /home/kalebtata/Projects/lock_me_out/outputs/app.log
2026-01-16 05:04:19 | DEBUG    | Logging initialized. Logs saved to: /home/kalebtata/Projects/lock_me_out/outputs/app.log
2026-01-16 05:04:23 | DEBUG    | Logging initialized. Logs saved to: /home/kalebtata/Projects/lock_me_out/outputs/app.log
2026-01-16 05:04:33 | DEBUG    | Logging initialized. Logs saved to: /home/kalebtata/Projects/lock_me_out/outputs/app.log
2026-01-16 05:04:33 | INFO     | Starting LockOutManager: Delay=26s, Duration=60s, BlockOnly=True, Apps=['antigravity']
2026-01-16 05:04:33 | INFO     | Waiting for initial delay...
2026-01-16 05:04:59 | INFO     | Initial delay complete. Initiating lockout.
2026-01-16 05:04:59 | INFO     | Killing antigravity (PID: 73862)
2026-01-16 05:04:59 | INFO     | Killing antigravity (PID: 73865)
2026-01-16 05:04:59 | INFO     | Killing antigravity (PID: 73866)
2026-01-16 05:04:59 | INFO     | Killing antigravity (PID: 73868)
2026-01-16 05:04:59 | INFO     | Killing antigravity (PID: 73946)
2026-01-16 05:04:59 | INFO     | Killing antigravity (PID: 73956)
2026-01-16 05:04:59 | INFO     | Killing antigravity (PID: 73986)
2026-01-16 05:04:59 | INFO     | Killing antigravity (PID: 73996)
2026-01-16 05:04:59 | INFO     | Killing antigravity (PID: 74007)
2026-01-16 05:04:59 | INFO     | Killing antigravity (PID: 74017)
2026-01-16 05:04:59 | INFO     | Killing antigravity (PID: 74018)
2026-01-16 05:04:59 | INFO     | Killing antigravity (PID: 74058)
2026-01-16 05:04:59 | INFO     | Killing antigravity (PID: 74592)
2026-01-16 05:04:59 | INFO     | Killing antigravity (PID: 74901)
2026-01-16 05:04:59 | INFO     | Killing antigravity (PID: 75034)
2026-01-16 05:04:59 | INFO     | Killing antigravity (PID: 75599)
2026-01-16 05:50:13 | DEBUG    | Logging initialized. Logs saved to: /home/kalebtata/Projects/lock_me_out/outputs/app.log
2026-01-16 05:52:43 | DEBUG    | Logging initialized. Logs saved to: /home/kalebtata/Projects/lock_me_out/outputs/app.log
2026-01-16 05:52:58 | DEBUG    | Logging initialized. Logs saved to: /home/kalebtata/Projects/lock_me_out/outputs/app.log
2026-01-16 06:01:08 | DEBUG    | Logging initialized. Logs saved to: /home/kalebtata/Projects/lock_me_out/outputs/app.log
2026-01-16 06:54:12 | DEBUG    | Logging initialized. Logs saved to: /home/kalebtata/Projects/lock_me_out/outputs/app.log
2026-01-16 06:54:13 | DEBUG    | Logging initialized. Logs saved to: /home/kalebtata/Projects/lock_me_out/outputs/app.log
2026-01-16 07:15:24 | DEBUG    | Logging initialized. Logs saved to: /home/kalebtata/Projects/lock_me_out/outputs/app.log
2026-01-16 07:15:25 | DEBUG    | Logging initialized. Logs saved to: /home/kalebtata/Projects/lock_me_out/outputs/app.log
2026-01-16 07:20:58 | DEBUG    | Logging initialized. Logs saved to: /home/kalebtata/Projects/lock_me_out/outputs/app.log
2026-01-16 19:21:58 | DEBUG    | Logging initialized. Logs saved to: /home/kalebtata/Projects/lock_me_out/outputs/app.log
2026-01-16 19:22:01 | DEBUG    | Logging initialized. Logs saved to: /home/kalebtata/Projects/lock_me_out/outputs/app.log
2026-01-16 19:22:43 | DEBUG    | Logging initialized. Logs saved to: /home/kalebtata/Projects/lock_me_out/outputs/app.log
2026-01-16 19:23:00 | DEBUG    | Logging initialized. Logs saved to: /home/kalebtata/Projects/lock_me_out/outputs/app.log
2026-01-16 19:23:09 | DEBUG    | Logging initialized. Logs saved to: /home/kalebtata/Projects/lock_me_out/outputs/app.log
2026-01-16 19:23:15 | DEBUG    | Logging initialized. Logs saved to: /home/kalebtata/Projects/lock_me_out/outputs/app.log
2026-01-16 19:23:40 | DEBUG    | Logging initialized. Logs saved to: /home/kalebtata/Projects/lock_me_out/outputs/app.log
2026-01-16 19:23:40 | INFO     | Starting LockOutManager: Delay=319s, Duration=60s, BlockOnly=True, Apps=['antigravity', 'nvim']
2026-01-16 19:23:40 | INFO     | Sending notification: Lockout in 5 minutes | A scheduled lockout will start at 7:29pm.
2026-01-16 19:23:40 | INFO     | Waiting for initial delay...
2026-01-16 19:23:47 | INFO     | Stopping LockOutManager...
2026-01-16 19:23:48 | INFO     | LockOutManager stopped.
2026-01-16 19:23:55 | DEBUG    | Logging initialized. Logs saved to: /home/kalebtata/Projects/lock_me_out/outputs/app.log
2026-01-16 19:24:17 | DEBUG    | Logging initialized. Logs saved to: /home/kalebtata/Projects/lock_me_out/outputs/app.log
2026-01-16 19:24:23 | DEBUG    | Logging initialized. Logs saved to: /home/kalebtata/Projects/lock_me_out/outputs/app.log
2026-01-16 19:26:53 | INFO     | Starting LockOutManager: Delay=306s, Duration=60s, BlockOnly=True, Apps=['antigravity', 'nvim']
2026-01-16 19:26:53 | INFO     | Sending notification: Lockout in 5 minutes | A scheduled lockout will start at 7:32pm.
2026-01-16 19:26:53 | INFO     | Waiting for initial delay...
2026-01-16 19:27:02 | INFO     | Stopping LockOutManager...
2026-01-16 19:27:02 | INFO     | LockOutManager stopped.
2026-01-16 19:27:07 | DEBUG    | Logging initialized. Logs saved to: /home/kalebtata/Projects/lock_me_out/outputs/app.log
2026-01-16 19:27:11 | DEBUG    | Logging initialized. Logs saved to: /home/kalebtata/Projects/lock_me_out/outputs/app.log
